<?xml version="1.0" encoding="UTF-8"?>
<!-- Generated by org.testng.reporters.JUnitReportReporter -->
<testsuite skipped="0" hostname="WIN-GEDESCREUP8" name="runnerPackage.ATM_runner" tests="7" failures="0" timestamp="18 Apr 2018 02:08:05 GMT" time="0.125" errors="7">
  <testcase name="runScenario" time="0.015" classname="runnerPackage.ATM_runner">
    <error/>
  </testcase> <!-- runScenario -->
  <testcase name="runScenario" time="0.016" classname="runnerPackage.ATM_runner">
    <error/>
  </testcase> <!-- runScenario -->
  <testcase name="runScenario" time="0.000" classname="runnerPackage.ATM_runner">
    <error/>
  </testcase> <!-- runScenario -->
  <testcase name="runScenario" time="0.031" classname="runnerPackage.ATM_runner">
    <error/>
  </testcase> <!-- runScenario -->
  <testcase name="runScenario" time="0.016" classname="runnerPackage.ATM_runner">
    <error/>
  </testcase> <!-- runScenario -->
  <testcase name="runScenario" time="0.047" classname="runnerPackage.ATM_runner">
    <error/>
  </testcase> <!-- runScenario -->
  <testcase name="runScenario" time="0.000" classname="runnerPackage.ATM_runner">
    <error/>
  </testcase> <!-- runScenario -->
</testsuite> <!-- runnerPackage.ATM_runner -->
